<?xml version="1.0" encoding="UTF-8"?>
<testsuite name="SolutionTest" tests="2" skipped="0" failures="0" errors="0" timestamp="2022-06-28T06:35:48" hostname="yuanyu-ubuntu" time="0.033">
  <properties/>
  <testcase name="robExample1()" classname="SolutionTest" time="0.03"/>
  <testcase name="robExample2()" classname="SolutionTest" time="0.002"/>
  <system-out><![CDATA[]]></system-out>
  <system-err><![CDATA[]]></system-err>
</testsuite>
